0 info it worked if it ends with ok
1 verbose cli [ '/usr/local/bin/node', '/usr/local/bin/npm', 'install' ]
2 info using npm@1.4.28
3 info using node@v0.10.33
4 verbose readDependencies using package.json deps
5 verbose install where, deps [ '/home/santi8ago8/GitHub/mitodobk',
5 verbose install   [ 'express',
5 verbose install     'body-parser',
5 verbose install     'cookie-parser',
5 verbose install     'morgan',
5 verbose install     'serve-favicon',
5 verbose install     'debug',
5 verbose install     'jade' ] ]
6 info preinstall mitodobk@0.0.0
7 verbose readDependencies using package.json deps
8 verbose cache add [ 'express@~4.9.0', null ]
9 verbose cache add name=undefined spec="express@~4.9.0" args=["express@~4.9.0",null]
10 verbose parsed url { protocol: null,
10 verbose parsed url   slashes: null,
10 verbose parsed url   auth: null,
10 verbose parsed url   host: null,
10 verbose parsed url   port: null,
10 verbose parsed url   hostname: null,
10 verbose parsed url   hash: null,
10 verbose parsed url   search: null,
10 verbose parsed url   query: null,
10 verbose parsed url   pathname: 'express@~4.9.0',
10 verbose parsed url   path: 'express@~4.9.0',
10 verbose parsed url   href: 'express@~4.9.0' }
11 verbose cache add [ 'body-parser@~1.8.1', null ]
12 verbose cache add name=undefined spec="body-parser@~1.8.1" args=["body-parser@~1.8.1",null]
13 verbose parsed url { protocol: null,
13 verbose parsed url   slashes: null,
13 verbose parsed url   auth: null,
13 verbose parsed url   host: null,
13 verbose parsed url   port: null,
13 verbose parsed url   hostname: null,
13 verbose parsed url   hash: null,
13 verbose parsed url   search: null,
13 verbose parsed url   query: null,
13 verbose parsed url   pathname: 'body-parser@~1.8.1',
13 verbose parsed url   path: 'body-parser@~1.8.1',
13 verbose parsed url   href: 'body-parser@~1.8.1' }
14 verbose cache add [ 'cookie-parser@~1.3.3', null ]
15 verbose cache add name=undefined spec="cookie-parser@~1.3.3" args=["cookie-parser@~1.3.3",null]
16 verbose parsed url { protocol: null,
16 verbose parsed url   slashes: null,
16 verbose parsed url   auth: null,
16 verbose parsed url   host: null,
16 verbose parsed url   port: null,
16 verbose parsed url   hostname: null,
16 verbose parsed url   hash: null,
16 verbose parsed url   search: null,
16 verbose parsed url   query: null,
16 verbose parsed url   pathname: 'cookie-parser@~1.3.3',
16 verbose parsed url   path: 'cookie-parser@~1.3.3',
16 verbose parsed url   href: 'cookie-parser@~1.3.3' }
17 verbose cache add [ 'morgan@~1.3.0', null ]
18 verbose cache add name=undefined spec="morgan@~1.3.0" args=["morgan@~1.3.0",null]
19 verbose parsed url { protocol: null,
19 verbose parsed url   slashes: null,
19 verbose parsed url   auth: null,
19 verbose parsed url   host: null,
19 verbose parsed url   port: null,
19 verbose parsed url   hostname: null,
19 verbose parsed url   hash: null,
19 verbose parsed url   search: null,
19 verbose parsed url   query: null,
19 verbose parsed url   pathname: 'morgan@~1.3.0',
19 verbose parsed url   path: 'morgan@~1.3.0',
19 verbose parsed url   href: 'morgan@~1.3.0' }
20 verbose cache add [ 'serve-favicon@~2.1.3', null ]
21 verbose cache add name=undefined spec="serve-favicon@~2.1.3" args=["serve-favicon@~2.1.3",null]
22 verbose parsed url { protocol: null,
22 verbose parsed url   slashes: null,
22 verbose parsed url   auth: null,
22 verbose parsed url   host: null,
22 verbose parsed url   port: null,
22 verbose parsed url   hostname: null,
22 verbose parsed url   hash: null,
22 verbose parsed url   search: null,
22 verbose parsed url   query: null,
22 verbose parsed url   pathname: 'serve-favicon@~2.1.3',
22 verbose parsed url   path: 'serve-favicon@~2.1.3',
22 verbose parsed url   href: 'serve-favicon@~2.1.3' }
23 verbose cache add name="express" spec="~4.9.0" args=["express","~4.9.0"]
24 verbose parsed url { protocol: null,
24 verbose parsed url   slashes: null,
24 verbose parsed url   auth: null,
24 verbose parsed url   host: null,
24 verbose parsed url   port: null,
24 verbose parsed url   hostname: null,
24 verbose parsed url   hash: null,
24 verbose parsed url   search: null,
24 verbose parsed url   query: null,
24 verbose parsed url   pathname: '~4.9.0',
24 verbose parsed url   path: '~4.9.0',
24 verbose parsed url   href: '~4.9.0' }
25 verbose addNamed [ 'express', '~4.9.0' ]
26 verbose addNamed [ null, '>=4.9.0-0 <4.10.0-0' ]
27 verbose cache add name="body-parser" spec="~1.8.1" args=["body-parser","~1.8.1"]
28 verbose parsed url { protocol: null,
28 verbose parsed url   slashes: null,
28 verbose parsed url   auth: null,
28 verbose parsed url   host: null,
28 verbose parsed url   port: null,
28 verbose parsed url   hostname: null,
28 verbose parsed url   hash: null,
28 verbose parsed url   search: null,
28 verbose parsed url   query: null,
28 verbose parsed url   pathname: '~1.8.1',
28 verbose parsed url   path: '~1.8.1',
28 verbose parsed url   href: '~1.8.1' }
29 verbose addNamed [ 'body-parser', '~1.8.1' ]
30 verbose addNamed [ null, '>=1.8.1-0 <1.9.0-0' ]
31 verbose cache add name="cookie-parser" spec="~1.3.3" args=["cookie-parser","~1.3.3"]
32 verbose parsed url { protocol: null,
32 verbose parsed url   slashes: null,
32 verbose parsed url   auth: null,
32 verbose parsed url   host: null,
32 verbose parsed url   port: null,
32 verbose parsed url   hostname: null,
32 verbose parsed url   hash: null,
32 verbose parsed url   search: null,
32 verbose parsed url   query: null,
32 verbose parsed url   pathname: '~1.3.3',
32 verbose parsed url   path: '~1.3.3',
32 verbose parsed url   href: '~1.3.3' }
33 verbose addNamed [ 'cookie-parser', '~1.3.3' ]
34 verbose addNamed [ null, '>=1.3.3-0 <1.4.0-0' ]
35 verbose cache add name="morgan" spec="~1.3.0" args=["morgan","~1.3.0"]
36 verbose parsed url { protocol: null,
36 verbose parsed url   slashes: null,
36 verbose parsed url   auth: null,
36 verbose parsed url   host: null,
36 verbose parsed url   port: null,
36 verbose parsed url   hostname: null,
36 verbose parsed url   hash: null,
36 verbose parsed url   search: null,
36 verbose parsed url   query: null,
36 verbose parsed url   pathname: '~1.3.0',
36 verbose parsed url   path: '~1.3.0',
36 verbose parsed url   href: '~1.3.0' }
37 verbose addNamed [ 'morgan', '~1.3.0' ]
38 verbose addNamed [ null, '>=1.3.0-0 <1.4.0-0' ]
39 verbose cache add name="serve-favicon" spec="~2.1.3" args=["serve-favicon","~2.1.3"]
40 verbose parsed url { protocol: null,
40 verbose parsed url   slashes: null,
40 verbose parsed url   auth: null,
40 verbose parsed url   host: null,
40 verbose parsed url   port: null,
40 verbose parsed url   hostname: null,
40 verbose parsed url   hash: null,
40 verbose parsed url   search: null,
40 verbose parsed url   query: null,
40 verbose parsed url   pathname: '~2.1.3',
40 verbose parsed url   path: '~2.1.3',
40 verbose parsed url   href: '~2.1.3' }
41 verbose addNamed [ 'serve-favicon', '~2.1.3' ]
42 verbose addNamed [ null, '>=2.1.3-0 <2.2.0-0' ]
43 verbose cache add [ 'debug@~2.0.0', null ]
44 verbose cache add name=undefined spec="debug@~2.0.0" args=["debug@~2.0.0",null]
45 verbose parsed url { protocol: null,
45 verbose parsed url   slashes: null,
45 verbose parsed url   auth: null,
45 verbose parsed url   host: null,
45 verbose parsed url   port: null,
45 verbose parsed url   hostname: null,
45 verbose parsed url   hash: null,
45 verbose parsed url   search: null,
45 verbose parsed url   query: null,
45 verbose parsed url   pathname: 'debug@~2.0.0',
45 verbose parsed url   path: 'debug@~2.0.0',
45 verbose parsed url   href: 'debug@~2.0.0' }
46 verbose cache add [ 'jade@~1.6.0', null ]
47 verbose cache add name=undefined spec="jade@~1.6.0" args=["jade@~1.6.0",null]
48 verbose parsed url { protocol: null,
48 verbose parsed url   slashes: null,
48 verbose parsed url   auth: null,
48 verbose parsed url   host: null,
48 verbose parsed url   port: null,
48 verbose parsed url   hostname: null,
48 verbose parsed url   hash: null,
48 verbose parsed url   search: null,
48 verbose parsed url   query: null,
48 verbose parsed url   pathname: 'jade@~1.6.0',
48 verbose parsed url   path: 'jade@~1.6.0',
48 verbose parsed url   href: 'jade@~1.6.0' }
49 silly lockFile 6ae7fa08-express-4-9-0 express@~4.9.0
50 verbose lock express@~4.9.0 /home/santi8ago8/.npm/6ae7fa08-express-4-9-0.lock
51 silly lockFile a49948c1-body-parser-1-8-1 body-parser@~1.8.1
52 verbose lock body-parser@~1.8.1 /home/santi8ago8/.npm/a49948c1-body-parser-1-8-1.lock
53 silly lockFile bf5babd8-cookie-parser-1-3-3 cookie-parser@~1.3.3
54 verbose lock cookie-parser@~1.3.3 /home/santi8ago8/.npm/bf5babd8-cookie-parser-1-3-3.lock
55 silly lockFile a4a9bdf4-morgan-1-3-0 morgan@~1.3.0
56 verbose lock morgan@~1.3.0 /home/santi8ago8/.npm/a4a9bdf4-morgan-1-3-0.lock
57 silly lockFile 38295489-serve-favicon-2-1-3 serve-favicon@~2.1.3
58 verbose lock serve-favicon@~2.1.3 /home/santi8ago8/.npm/38295489-serve-favicon-2-1-3.lock
59 verbose cache add name="debug" spec="~2.0.0" args=["debug","~2.0.0"]
60 verbose parsed url { protocol: null,
60 verbose parsed url   slashes: null,
60 verbose parsed url   auth: null,
60 verbose parsed url   host: null,
60 verbose parsed url   port: null,
60 verbose parsed url   hostname: null,
60 verbose parsed url   hash: null,
60 verbose parsed url   search: null,
60 verbose parsed url   query: null,
60 verbose parsed url   pathname: '~2.0.0',
60 verbose parsed url   path: '~2.0.0',
60 verbose parsed url   href: '~2.0.0' }
61 verbose addNamed [ 'debug', '~2.0.0' ]
62 verbose addNamed [ null, '>=2.0.0-0 <2.1.0-0' ]
63 silly lockFile 12b6356d-debug-2-0-0 debug@~2.0.0
64 verbose lock debug@~2.0.0 /home/santi8ago8/.npm/12b6356d-debug-2-0-0.lock
65 verbose cache add name="jade" spec="~1.6.0" args=["jade","~1.6.0"]
66 verbose parsed url { protocol: null,
66 verbose parsed url   slashes: null,
66 verbose parsed url   auth: null,
66 verbose parsed url   host: null,
66 verbose parsed url   port: null,
66 verbose parsed url   hostname: null,
66 verbose parsed url   hash: null,
66 verbose parsed url   search: null,
66 verbose parsed url   query: null,
66 verbose parsed url   pathname: '~1.6.0',
66 verbose parsed url   path: '~1.6.0',
66 verbose parsed url   href: '~1.6.0' }
67 verbose addNamed [ 'jade', '~1.6.0' ]
68 verbose addNamed [ null, '>=1.6.0-0 <1.7.0-0' ]
69 silly lockFile ad8c17a8-jade-1-6-0 jade@~1.6.0
70 verbose lock jade@~1.6.0 /home/santi8ago8/.npm/ad8c17a8-jade-1-6-0.lock
71 silly addNameRange { name: 'express', range: '>=4.9.0-0 <4.10.0-0', hasData: false }
72 silly addNameRange { name: 'body-parser',
72 silly addNameRange   range: '>=1.8.1-0 <1.9.0-0',
72 silly addNameRange   hasData: false }
73 silly addNameRange { name: 'cookie-parser',
73 silly addNameRange   range: '>=1.3.3-0 <1.4.0-0',
73 silly addNameRange   hasData: false }
74 silly addNameRange { name: 'morgan', range: '>=1.3.0-0 <1.4.0-0', hasData: false }
75 silly addNameRange { name: 'serve-favicon',
75 silly addNameRange   range: '>=2.1.3-0 <2.2.0-0',
75 silly addNameRange   hasData: false }
76 silly addNameRange { name: 'debug', range: '>=2.0.0-0 <2.1.0-0', hasData: false }
77 silly addNameRange { name: 'jade', range: '>=1.6.0-0 <1.7.0-0', hasData: false }
78 verbose request where is /serve-favicon
79 verbose request registry https://registry.npmjs.org/
80 verbose request id 35b4859466083460
81 verbose url raw /serve-favicon
82 verbose url resolving [ 'https://registry.npmjs.org/', './serve-favicon' ]
83 verbose url resolved https://registry.npmjs.org/serve-favicon
84 verbose request where is https://registry.npmjs.org/serve-favicon
85 info trying registry request attempt 1 at 10:10:22
86 http GET https://registry.npmjs.org/serve-favicon
87 verbose request where is /express
88 verbose request registry https://registry.npmjs.org/
89 verbose url raw /express
90 verbose url resolving [ 'https://registry.npmjs.org/', './express' ]
91 verbose url resolved https://registry.npmjs.org/express
92 verbose request where is https://registry.npmjs.org/express
93 info trying registry request attempt 1 at 10:10:22
94 verbose etag "6MM703BQL6N2WDVZTMELR7ODD"
95 http GET https://registry.npmjs.org/express
96 verbose request where is /body-parser
97 verbose request registry https://registry.npmjs.org/
98 verbose url raw /body-parser
99 verbose url resolving [ 'https://registry.npmjs.org/', './body-parser' ]
100 verbose url resolved https://registry.npmjs.org/body-parser
101 verbose request where is https://registry.npmjs.org/body-parser
102 info trying registry request attempt 1 at 10:10:22
103 verbose etag "31NOWALYE5KS8CUXXM9FZZM0H"
104 http GET https://registry.npmjs.org/body-parser
105 verbose request where is /debug
106 verbose request registry https://registry.npmjs.org/
107 verbose url raw /debug
108 verbose url resolving [ 'https://registry.npmjs.org/', './debug' ]
109 verbose url resolved https://registry.npmjs.org/debug
110 verbose request where is https://registry.npmjs.org/debug
111 info trying registry request attempt 1 at 10:10:22
112 verbose etag "6XAF04JEIUAY679NV7GJMKWPQ"
113 http GET https://registry.npmjs.org/debug
114 verbose request where is /cookie-parser
115 verbose request registry https://registry.npmjs.org/
116 verbose url raw /cookie-parser
117 verbose url resolving [ 'https://registry.npmjs.org/', './cookie-parser' ]
118 verbose url resolved https://registry.npmjs.org/cookie-parser
119 verbose request where is https://registry.npmjs.org/cookie-parser
120 info trying registry request attempt 1 at 10:10:22
121 verbose etag "D2I21Z55J0M83YHA636O1DW9K"
122 http GET https://registry.npmjs.org/cookie-parser
123 verbose request where is /morgan
124 verbose request registry https://registry.npmjs.org/
125 verbose url raw /morgan
126 verbose url resolving [ 'https://registry.npmjs.org/', './morgan' ]
127 verbose url resolved https://registry.npmjs.org/morgan
128 verbose request where is https://registry.npmjs.org/morgan
129 info trying registry request attempt 1 at 10:10:22
130 verbose etag "AZAUPRTBF7IDB5ZNT1PUN8D7T"
131 http GET https://registry.npmjs.org/morgan
132 verbose request where is /jade
133 verbose request registry https://registry.npmjs.org/
134 verbose url raw /jade
135 verbose url resolving [ 'https://registry.npmjs.org/', './jade' ]
136 verbose url resolved https://registry.npmjs.org/jade
137 verbose request where is https://registry.npmjs.org/jade
138 info trying registry request attempt 1 at 10:10:22
139 verbose etag "QHLPMBXXME56JWDXG4BJV1EZ"
140 http GET https://registry.npmjs.org/jade
141 http 304 https://registry.npmjs.org/cookie-parser
142 silly registry.get cb [ 304,
142 silly registry.get   { date: 'Tue, 11 Nov 2014 13:10:23 GMT',
142 silly registry.get     server: 'Apache',
142 silly registry.get     via: '1.1 varnish',
142 silly registry.get     'last-modified': 'Tue, 11 Nov 2014 13:10:23 GMT',
142 silly registry.get     'cache-control': 'max-age=60',
142 silly registry.get     etag: '"D2I21Z55J0M83YHA636O1DW9K"',
142 silly registry.get     age: '35',
142 silly registry.get     'x-served-by': 'cache-atl6230-ATL',
142 silly registry.get     'x-cache': 'HIT',
142 silly registry.get     'x-cache-hits': '1',
142 silly registry.get     'x-timer': 'S1415711423.364226,VS0,VE1',
142 silly registry.get     vary: 'Accept',
142 silly registry.get     'content-length': '0',
142 silly registry.get     'keep-alive': 'timeout=10, max=50',
142 silly registry.get     connection: 'Keep-Alive' } ]
143 verbose etag https://registry.npmjs.org/cookie-parser from cache
144 http 304 https://registry.npmjs.org/debug
145 silly registry.get cb [ 304,
145 silly registry.get   { date: 'Tue, 11 Nov 2014 13:10:23 GMT',
145 silly registry.get     server: 'Apache',
145 silly registry.get     via: '1.1 varnish',
145 silly registry.get     'last-modified': 'Tue, 11 Nov 2014 13:10:23 GMT',
145 silly registry.get     'cache-control': 'max-age=60',
145 silly registry.get     etag: '"6XAF04JEIUAY679NV7GJMKWPQ"',
145 silly registry.get     age: '53',
145 silly registry.get     'x-served-by': 'cache-atl6234-ATL',
145 silly registry.get     'x-cache': 'HIT',
145 silly registry.get     'x-cache-hits': '1',
145 silly registry.get     'x-timer': 'S1415711423.378327,VS0,VE0',
145 silly registry.get     vary: 'Accept',
145 silly registry.get     'content-length': '0',
145 silly registry.get     'keep-alive': 'timeout=10, max=50',
145 silly registry.get     connection: 'Keep-Alive' } ]
146 verbose etag https://registry.npmjs.org/debug from cache
147 http 304 https://registry.npmjs.org/body-parser
148 silly registry.get cb [ 304,
148 silly registry.get   { date: 'Tue, 11 Nov 2014 13:10:23 GMT',
148 silly registry.get     server: 'Apache',
148 silly registry.get     via: '1.1 varnish',
148 silly registry.get     'last-modified': 'Tue, 11 Nov 2014 13:10:23 GMT',
148 silly registry.get     'cache-control': 'max-age=60',
148 silly registry.get     etag: '"31NOWALYE5KS8CUXXM9FZZM0H"',
148 silly registry.get     age: '35',
148 silly registry.get     'x-served-by': 'cache-atl6234-ATL',
148 silly registry.get     'x-cache': 'HIT',
148 silly registry.get     'x-cache-hits': '1',
148 silly registry.get     'x-timer': 'S1415711423.378215,VS0,VE1',
148 silly registry.get     vary: 'Accept',
148 silly registry.get     'content-length': '0',
148 silly registry.get     'keep-alive': 'timeout=10, max=50',
148 silly registry.get     connection: 'Keep-Alive' } ]
149 verbose etag https://registry.npmjs.org/body-parser from cache
150 http 304 https://registry.npmjs.org/express
151 silly registry.get cb [ 304,
151 silly registry.get   { date: 'Tue, 11 Nov 2014 13:10:23 GMT',
151 silly registry.get     server: 'Apache',
151 silly registry.get     via: '1.1 varnish',
151 silly registry.get     'last-modified': 'Tue, 11 Nov 2014 13:10:23 GMT',
151 silly registry.get     'cache-control': 'max-age=60',
151 silly registry.get     etag: '"6MM703BQL6N2WDVZTMELR7ODD"',
151 silly registry.get     age: '29',
151 silly registry.get     'x-served-by': 'cache-atl6231-ATL',
151 silly registry.get     'x-cache': 'HIT',
151 silly registry.get     'x-cache-hits': '1',
151 silly registry.get     'x-timer': 'S1415711423.377907,VS0,VE4',
151 silly registry.get     vary: 'Accept',
151 silly registry.get     'content-length': '0',
151 silly registry.get     'keep-alive': 'timeout=10, max=50',
151 silly registry.get     connection: 'Keep-Alive' } ]
152 verbose etag https://registry.npmjs.org/express from cache
153 silly addNameRange number 2 { name: 'cookie-parser',
153 silly addNameRange   range: '>=1.3.3-0 <1.4.0-0',
153 silly addNameRange   hasData: true }
154 silly addNameRange versions [ 'cookie-parser',
154 silly addNameRange   [ '1.0.0',
154 silly addNameRange     '1.0.1',
154 silly addNameRange     '1.1.0',
154 silly addNameRange     '1.2.0',
154 silly addNameRange     '1.3.0',
154 silly addNameRange     '1.3.1',
154 silly addNameRange     '1.3.2',
154 silly addNameRange     '1.3.3' ] ]
155 verbose addNamed [ 'cookie-parser', '1.3.3' ]
156 verbose addNamed [ '1.3.3', '1.3.3' ]
157 silly lockFile 68450bd4-cookie-parser-1-3-3 cookie-parser@1.3.3
158 verbose lock cookie-parser@1.3.3 /home/santi8ago8/.npm/68450bd4-cookie-parser-1-3-3.lock
159 silly addNameRange number 2 { name: 'debug', range: '>=2.0.0-0 <2.1.0-0', hasData: true }
160 silly addNameRange versions [ 'debug',
160 silly addNameRange   [ '0.0.1',
160 silly addNameRange     '0.1.0',
160 silly addNameRange     '0.2.0',
160 silly addNameRange     '0.3.0',
160 silly addNameRange     '0.4.0',
160 silly addNameRange     '0.4.1',
160 silly addNameRange     '0.5.0',
160 silly addNameRange     '0.6.0',
160 silly addNameRange     '0.7.0',
160 silly addNameRange     '0.7.1',
160 silly addNameRange     '0.7.2',
160 silly addNameRange     '0.7.3',
160 silly addNameRange     '0.7.4',
160 silly addNameRange     '0.8.0',
160 silly addNameRange     '0.8.1',
160 silly addNameRange     '1.0.0',
160 silly addNameRange     '1.0.1',
160 silly addNameRange     '1.0.2',
160 silly addNameRange     '1.0.3',
160 silly addNameRange     '1.0.4',
160 silly addNameRange     '2.0.0',
160 silly addNameRange     '2.1.0' ] ]
161 verbose addNamed [ 'debug', '2.0.0' ]
162 verbose addNamed [ '2.0.0', '2.0.0' ]
163 silly lockFile 095bd820-debug-2-0-0 debug@2.0.0
164 verbose lock debug@2.0.0 /home/santi8ago8/.npm/095bd820-debug-2-0-0.lock
165 silly addNameRange number 2 { name: 'body-parser',
165 silly addNameRange   range: '>=1.8.1-0 <1.9.0-0',
165 silly addNameRange   hasData: true }
166 silly addNameRange versions [ 'body-parser',
166 silly addNameRange   [ '1.0.0',
166 silly addNameRange     '1.0.1',
166 silly addNameRange     '1.0.2',
166 silly addNameRange     '1.1.0',
166 silly addNameRange     '1.1.1',
166 silly addNameRange     '1.1.2',
166 silly addNameRange     '1.2.0',
166 silly addNameRange     '1.2.1',
166 silly addNameRange     '1.2.2',
166 silly addNameRange     '1.3.0',
166 silly addNameRange     '1.3.1',
166 silly addNameRange     '1.4.0',
166 silly addNameRange     '1.4.1',
166 silly addNameRange     '1.4.2',
166 silly addNameRange     '1.4.3',
166 silly addNameRange     '1.5.0',
166 silly addNameRange     '1.5.1',
166 silly addNameRange     '1.5.2',
166 silly addNameRange     '1.6.0',
166 silly addNameRange     '1.6.1',
166 silly addNameRange     '1.6.2',
166 silly addNameRange     '1.6.3',
166 silly addNameRange     '1.6.4',
166 silly addNameRange     '1.6.5',
166 silly addNameRange     '1.6.6',
166 silly addNameRange     '1.6.7',
166 silly addNameRange     '1.7.0',
166 silly addNameRange     '1.8.0',
166 silly addNameRange     '1.8.1',
166 silly addNameRange     '1.8.2',
166 silly addNameRange     '1.8.3',
166 silly addNameRange     '1.8.4',
166 silly addNameRange     '1.9.0',
166 silly addNameRange     '1.9.1',
166 silly addNameRange     '1.9.2' ] ]
167 verbose addNamed [ 'body-parser', '1.8.4' ]
168 verbose addNamed [ '1.8.4', '1.8.4' ]
169 silly lockFile 5cba912c-body-parser-1-8-4 body-parser@1.8.4
170 verbose lock body-parser@1.8.4 /home/santi8ago8/.npm/5cba912c-body-parser-1-8-4.lock
171 silly lockFile 864e7377-e-parser-cookie-parser-1-3-3-tgz https://registry.npmjs.org/cookie-parser/-/cookie-parser-1.3.3.tgz
172 verbose lock https://registry.npmjs.org/cookie-parser/-/cookie-parser-1.3.3.tgz /home/santi8ago8/.npm/864e7377-e-parser-cookie-parser-1-3-3-tgz.lock
173 silly addNameRange number 2 { name: 'express', range: '>=4.9.0-0 <4.10.0-0', hasData: true }
174 silly addNameRange versions [ 'express',
174 silly addNameRange   [ '0.14.0',
174 silly addNameRange     '0.14.1',
174 silly addNameRange     '1.0.0',
174 silly addNameRange     '1.0.1',
174 silly addNameRange     '1.0.2',
174 silly addNameRange     '1.0.3',
174 silly addNameRange     '1.0.4',
174 silly addNameRange     '1.0.5',
174 silly addNameRange     '1.0.6',
174 silly addNameRange     '1.0.7',
174 silly addNameRange     '1.0.8',
174 silly addNameRange     '2.0.0',
174 silly addNameRange     '2.1.0',
174 silly addNameRange     '2.1.1',
174 silly addNameRange     '2.2.0',
174 silly addNameRange     '2.2.1',
174 silly addNameRange     '2.2.2',
174 silly addNameRange     '2.3.0',
174 silly addNameRange     '2.3.1',
174 silly addNameRange     '2.3.2',
174 silly addNameRange     '2.3.3',
174 silly addNameRange     '2.3.4',
174 silly addNameRange     '2.3.5',
174 silly addNameRange     '2.3.6',
174 silly addNameRange     '2.3.7',
174 silly addNameRange     '2.3.8',
174 silly addNameRange     '2.3.9',
174 silly addNameRange     '2.3.10',
174 silly addNameRange     '2.3.11',
174 silly addNameRange     '2.3.12',
174 silly addNameRange     '2.4.0',
174 silly addNameRange     '2.4.1',
174 silly addNameRange     '2.4.2',
174 silly addNameRange     '2.4.3',
174 silly addNameRange     '2.4.4',
174 silly addNameRange     '2.4.5',
174 silly addNameRange     '2.4.6',
174 silly addNameRange     '2.4.7',
174 silly addNameRange     '2.5.0',
174 silly addNameRange     '2.5.1',
174 silly addNameRange     '2.5.2',
174 silly addNameRange     '2.5.3',
174 silly addNameRange     '2.5.4',
174 silly addNameRange     '2.5.5',
174 silly addNameRange     '2.5.6',
174 silly addNameRange     '2.5.7',
174 silly addNameRange     '2.5.8',
174 silly addNameRange     '2.5.9',
174 silly addNameRange     '2.5.10',
174 silly addNameRange     '2.5.11',
174 silly addNameRange     '3.0.0',
174 silly addNameRange     '3.0.1',
174 silly addNameRange     '3.0.2',
174 silly addNameRange     '3.0.3',
174 silly addNameRange     '3.0.4',
174 silly addNameRange     '3.0.5',
174 silly addNameRange     '3.0.6',
174 silly addNameRange     '3.1.0',
174 silly addNameRange     '3.1.1',
174 silly addNameRange     '3.1.2',
174 silly addNameRange     '3.2.0',
174 silly addNameRange     '3.2.1',
174 silly addNameRange     '3.2.2',
174 silly addNameRange     '3.2.3',
174 silly addNameRange     '3.2.4',
174 silly addNameRange     '3.2.5',
174 silly addNameRange     '3.2.6',
174 silly addNameRange     '3.3.0',
174 silly addNameRange     '3.3.1',
174 silly addNameRange     '3.3.2',
174 silly addNameRange     '3.3.3',
174 silly addNameRange     '3.3.4',
174 silly addNameRange     '3.3.5',
174 silly addNameRange     '3.3.6',
174 silly addNameRange     '1.0.0-beta',
174 silly addNameRange     '1.0.0-beta2',
174 silly addNameRange     '1.0.0-rc',
174 silly addNameRange     '1.0.0-rc2',
174 silly addNameRange     '1.0.0-rc3',
174 silly addNameRange     '1.0.0-rc4',
174 silly addNameRange     '2.0.0-beta',
174 silly addNameRange     '2.0.0-beta2',
174 silly addNameRange     '2.0.0-beta3',
174 silly addNameRange     '2.0.0-rc',
174 silly addNameRange     '2.0.0-rc2',
174 silly addNameRange     '2.0.0-rc3',
174 silly addNameRange     '3.0.0-alpha1',
174 silly addNameRange     '3.0.0-alpha2',
174 silly addNameRange     '3.0.0-alpha3',
174 silly addNameRange     '3.0.0-alpha4',
174 silly addNameRange     '3.0.0-alpha5',
174 silly addNameRange     '3.0.0-beta1',
174 silly addNameRange     '3.0.0-beta2',
174 silly addNameRange     '3.0.0-beta3',
174 silly addNameRange     '3.0.0-beta4',
174 silly addNameRange     '3.0.0-beta6',
174 silly addNameRange     '3.0.0-beta7',
174 silly addNameRange     '3.0.0-rc1',
174 silly addNameRange     '3.0.0-rc2',
174 silly addNameRange     '3.0.0-rc3',
174 silly addNameRange     '3.0.0-rc4',
174 silly addNameRange     '3.0.0-rc5',
174 silly addNameRange     '3.3.7',
174 silly addNameRange     '3.3.8',
174 silly addNameRange     '3.4.0',
174 silly addNameRange     '3.4.1',
174 silly addNameRange     '3.4.2',
174 silly addNameRange     '3.4.3',
174 silly addNameRange     '3.4.4',
174 silly addNameRange     '3.4.5',
174 silly addNameRange     '3.4.6',
174 silly addNameRange     '3.4.7',
174 silly addNameRange     '3.4.8',
174 silly addNameRange     '4.0.0-rc1',
174 silly addNameRange     '4.0.0-rc2',
174 silly addNameRange     '3.5.0',
174 silly addNameRange     '4.0.0-rc3',
174 silly addNameRange     '4.0.0-rc4',
174 silly addNameRange     '3.5.1',
174 silly addNameRange     '4.0.0',
174 silly addNameRange     '3.5.2',
174 silly addNameRange     '4.1.0',
174 silly addNameRange     '4.1.1',
174 silly addNameRange     '3.5.3',
174 silly addNameRange     '4.1.2',
174 silly addNameRange     '3.6.0',
174 silly addNameRange     '4.2.0',
174 silly addNameRange     '3.7.0',
174 silly addNameRange     '3.8.0',
174 silly addNameRange     '4.3.0',
174 silly addNameRange     '4.3.1',
174 silly addNameRange     '3.8.1',
174 silly addNameRange     '4.3.2',
174 silly addNameRange     '3.9.0',
174 silly addNameRange     '4.4.0',
174 silly addNameRange     '4.4.1',
174 silly addNameRange     '3.10.0',
174 silly addNameRange     '3.10.1',
174 silly addNameRange     '3.10.2',
174 silly addNameRange     '3.10.3',
174 silly addNameRange     '3.10.4',
174 silly addNameRange     '4.4.2',
174 silly addNameRange     '3.10.5',
174 silly addNameRange     '4.4.3',
174 silly addNameRange     '3.11.0',
174 silly addNameRange     '4.4.4',
174 silly addNameRange     '3.12.0',
174 silly addNameRange     '3.12.1',
174 silly addNameRange     '4.4.5',
174 silly addNameRange     '3.13.0',
174 silly addNameRange     '4.5.0',
174 silly addNameRange     '4.5.1',
174 silly addNameRange     '3.14.0',
174 silly addNameRange     '4.6.0',
174 silly addNameRange     '4.6.1',
174 silly addNameRange     '3.15.0',
174 silly addNameRange     '4.7.0',
174 silly addNameRange     '3.15.1',
174 silly addNameRange     '4.7.1',
174 silly addNameRange     '3.15.2',
174 silly addNameRange     '4.7.2',
174 silly addNameRange     '4.7.3',
174 silly addNameRange     '3.15.3',
174 silly addNameRange     '4.7.4',
174 silly addNameRange     '3.16.0',
174 silly addNameRange     '4.8.0',
174 silly addNameRange     '3.16.1',
174 silly addNameRange     '4.8.1',
174 silly addNameRange     '3.16.2',
174 silly addNameRange     '4.8.2',
174 silly addNameRange     '3.16.3',
174 silly addNameRange     '3.16.4',
174 silly addNameRange     '4.8.3',
174 silly addNameRange     '3.16.5',
174 silly addNameRange     '3.16.6',
174 silly addNameRange     '4.8.4',
174 silly addNameRange     '3.16.7',
174 silly addNameRange     '4.8.5',
174 silly addNameRange     '3.16.8',
174 silly addNameRange     '4.8.6',
174 silly addNameRange     '3.16.9',
174 silly addNameRange     '4.8.7',
174 silly addNameRange     '3.16.10',
174 silly addNameRange     '4.8.8',
174 silly addNameRange     '3.17.0',
174 silly addNameRange     '3.17.1',
174 silly addNameRange     '4.9.0',
174 silly addNameRange     '3.17.2',
174 silly addNameRange     '4.9.1',
174 silly addNameRange     '4.9.2',
174 silly addNameRange     '3.17.3',
174 silly addNameRange     '4.9.3',
174 silly addNameRange     '3.17.4',
174 silly addNameRange     '4.9.4',
174 silly addNameRange     '3.17.5',
174 silly addNameRange     '4.9.5',
174 silly addNameRange     '3.17.6',
174 silly addNameRange     '3.17.7',
174 silly addNameRange     '4.9.6',
174 silly addNameRange     '4.9.7',
174 silly addNameRange     '3.17.8',
174 silly addNameRange     '4.9.8',
174 silly addNameRange     '3.18.0',
174 silly addNameRange     '3.18.1',
174 silly addNameRange     '4.10.0',
174 silly addNameRange     '3.18.2',
174 silly addNameRange     '4.10.1',
174 silly addNameRange     '5.0.0-alpha.1',
174 silly addNameRange     '3.18.3',
174 silly addNameRange     '4.10.2' ] ]
175 verbose addNamed [ 'express', '4.9.8' ]
176 verbose addNamed [ '4.9.8', '4.9.8' ]
177 silly lockFile 3e3a25f6-express-4-9-8 express@4.9.8
178 verbose lock express@4.9.8 /home/santi8ago8/.npm/3e3a25f6-express-4-9-8.lock
179 silly lockFile e2182b07--npmjs-org-debug-debug-2-0-0-tgz https://registry.npmjs.org/debug/-/debug-2.0.0.tgz
180 verbose lock https://registry.npmjs.org/debug/-/debug-2.0.0.tgz /home/santi8ago8/.npm/e2182b07--npmjs-org-debug-debug-2-0-0-tgz.lock
181 verbose addRemoteTarball [ 'https://registry.npmjs.org/cookie-parser/-/cookie-parser-1.3.3.tgz',
181 verbose addRemoteTarball   '7e3a2c745f4b460d5a340e578a0baa5d7725fe37' ]
182 silly lockFile 58a51cf2-ody-parser-body-parser-1-8-4-tgz https://registry.npmjs.org/body-parser/-/body-parser-1.8.4.tgz
183 verbose lock https://registry.npmjs.org/body-parser/-/body-parser-1.8.4.tgz /home/santi8ago8/.npm/58a51cf2-ody-parser-body-parser-1-8-4-tgz.lock
184 verbose addRemoteTarball [ 'https://registry.npmjs.org/debug/-/debug-2.0.0.tgz',
184 verbose addRemoteTarball   '89bd9df6732b51256bc6705342bba02ed12131ef' ]
185 silly lockFile 2d7fb097-js-org-express-express-4-9-8-tgz https://registry.npmjs.org/express/-/express-4.9.8.tgz
186 verbose lock https://registry.npmjs.org/express/-/express-4.9.8.tgz /home/santi8ago8/.npm/2d7fb097-js-org-express-express-4-9-8-tgz.lock
187 verbose addRemoteTarball [ 'https://registry.npmjs.org/body-parser/-/body-parser-1.8.4.tgz',
187 verbose addRemoteTarball   'd497e04bc13b3f9a8bd8c70bb0cdc16f2e028898' ]
188 verbose addRemoteTarball [ 'https://registry.npmjs.org/express/-/express-4.9.8.tgz',
188 verbose addRemoteTarball   'f360f596baeabbd0e5223b603d6eb578d9d2d10d' ]
189 info retry fetch attempt 1 at 10:10:23
190 verbose fetch to= /tmp/npm-4230-I1YQOTSX/registry.npmjs.org/express/-/express-4.9.8.tgz
191 info retry fetch attempt 1 at 10:10:23
192 verbose fetch to= /tmp/npm-4230-I1YQOTSX/registry.npmjs.org/body-parser/-/body-parser-1.8.4.tgz
193 info retry fetch attempt 1 at 10:10:23
194 verbose fetch to= /tmp/npm-4230-I1YQOTSX/registry.npmjs.org/cookie-parser/-/cookie-parser-1.3.3.tgz
195 http GET https://registry.npmjs.org/express/-/express-4.9.8.tgz
196 http GET https://registry.npmjs.org/body-parser/-/body-parser-1.8.4.tgz
197 info retry fetch attempt 1 at 10:10:23
198 verbose fetch to= /tmp/npm-4230-I1YQOTSX/registry.npmjs.org/debug/-/debug-2.0.0.tgz
199 http GET https://registry.npmjs.org/cookie-parser/-/cookie-parser-1.3.3.tgz
200 http GET https://registry.npmjs.org/debug/-/debug-2.0.0.tgz
201 http 304 https://registry.npmjs.org/morgan
202 silly registry.get cb [ 304,
202 silly registry.get   { date: 'Tue, 11 Nov 2014 13:10:23 GMT',
202 silly registry.get     server: 'Apache',
202 silly registry.get     via: '1.1 varnish',
202 silly registry.get     'last-modified': 'Tue, 11 Nov 2014 13:10:23 GMT',
202 silly registry.get     'cache-control': 'max-age=60',
202 silly registry.get     etag: '"AZAUPRTBF7IDB5ZNT1PUN8D7T"',
202 silly registry.get     age: '35',
202 silly registry.get     'x-served-by': 'cache-atl6230-ATL',
202 silly registry.get     'x-cache': 'HIT',
202 silly registry.get     'x-cache-hits': '1',
202 silly registry.get     'x-timer': 'S1415711423.535234,VS0,VE1',
202 silly registry.get     vary: 'Accept',
202 silly registry.get     'content-length': '0',
202 silly registry.get     'keep-alive': 'timeout=10, max=49',
202 silly registry.get     connection: 'Keep-Alive' } ]
203 verbose etag https://registry.npmjs.org/morgan from cache
204 silly addNameRange number 2 { name: 'morgan', range: '>=1.3.0-0 <1.4.0-0', hasData: true }
205 silly addNameRange versions [ 'morgan',
205 silly addNameRange   [ '1.0.0',
205 silly addNameRange     '1.0.1',
205 silly addNameRange     '1.1.0',
205 silly addNameRange     '1.1.1',
205 silly addNameRange     '1.2.0',
205 silly addNameRange     '1.2.1',
205 silly addNameRange     '1.2.2',
205 silly addNameRange     '1.2.3',
205 silly addNameRange     '1.3.0',
205 silly addNameRange     '1.3.1',
205 silly addNameRange     '1.3.2',
205 silly addNameRange     '1.4.0',
205 silly addNameRange     '1.4.1',
205 silly addNameRange     '1.5.0' ] ]
206 verbose addNamed [ 'morgan', '1.3.2' ]
207 verbose addNamed [ '1.3.2', '1.3.2' ]
208 silly lockFile 7e2b41c6-morgan-1-3-2 morgan@1.3.2
209 verbose lock morgan@1.3.2 /home/santi8ago8/.npm/7e2b41c6-morgan-1-3-2.lock
210 http 304 https://registry.npmjs.org/jade
211 silly registry.get cb [ 304,
211 silly registry.get   { date: 'Tue, 11 Nov 2014 13:10:23 GMT',
211 silly registry.get     server: 'Apache',
211 silly registry.get     via: '1.1 varnish',
211 silly registry.get     'last-modified': 'Tue, 11 Nov 2014 13:10:23 GMT',
211 silly registry.get     'cache-control': 'max-age=60',
211 silly registry.get     etag: '"QHLPMBXXME56JWDXG4BJV1EZ"',
211 silly registry.get     age: '45',
211 silly registry.get     'x-served-by': 'cache-atl6234-ATL',
211 silly registry.get     'x-cache': 'HIT',
211 silly registry.get     'x-cache-hits': '1',
211 silly registry.get     'x-timer': 'S1415711423.543852,VS0,VE1',
211 silly registry.get     vary: 'Accept',
211 silly registry.get     'content-length': '0',
211 silly registry.get     'keep-alive': 'timeout=10, max=49',
211 silly registry.get     connection: 'Keep-Alive' } ]
212 verbose etag https://registry.npmjs.org/jade from cache
213 silly lockFile cac8e271-pmjs-org-morgan-morgan-1-3-2-tgz https://registry.npmjs.org/morgan/-/morgan-1.3.2.tgz
214 verbose lock https://registry.npmjs.org/morgan/-/morgan-1.3.2.tgz /home/santi8ago8/.npm/cac8e271-pmjs-org-morgan-morgan-1-3-2-tgz.lock
215 verbose addRemoteTarball [ 'https://registry.npmjs.org/morgan/-/morgan-1.3.2.tgz',
215 verbose addRemoteTarball   'ac41aa15221ee4e5f2ac843896b6918139a18efd' ]
216 info retry fetch attempt 1 at 10:10:23
217 verbose fetch to= /tmp/npm-4230-I1YQOTSX/registry.npmjs.org/morgan/-/morgan-1.3.2.tgz
218 silly addNameRange number 2 { name: 'jade', range: '>=1.6.0-0 <1.7.0-0', hasData: true }
219 silly addNameRange versions [ 'jade',
219 silly addNameRange   [ '0.0.1',
219 silly addNameRange     '0.0.2',
219 silly addNameRange     '0.1.0',
219 silly addNameRange     '0.2.0',
219 silly addNameRange     '0.2.1',
219 silly addNameRange     '0.2.2',
219 silly addNameRange     '0.2.3',
219 silly addNameRange     '0.2.4',
219 silly addNameRange     '0.3.0',
219 silly addNameRange     '0.4.0',
219 silly addNameRange     '0.4.1',
219 silly addNameRange     '0.5.0',
219 silly addNameRange     '0.5.1',
219 silly addNameRange     '0.5.2',
219 silly addNameRange     '0.5.3',
219 silly addNameRange     '0.5.4',
219 silly addNameRange     '0.5.5',
219 silly addNameRange     '0.5.6',
219 silly addNameRange     '0.5.7',
219 silly addNameRange     '0.6.0',
219 silly addNameRange     '0.6.1',
219 silly addNameRange     '0.6.3',
219 silly addNameRange     '0.7.0',
219 silly addNameRange     '0.7.1',
219 silly addNameRange     '0.8.0',
219 silly addNameRange     '0.8.1',
219 silly addNameRange     '0.8.2',
219 silly addNameRange     '0.8.3',
219 silly addNameRange     '0.8.4',
219 silly addNameRange     '0.8.5',
219 silly addNameRange     '0.8.6',
219 silly addNameRange     '0.8.7',
219 silly addNameRange     '0.8.8',
219 silly addNameRange     '0.8.9',
219 silly addNameRange     '0.9.0',
219 silly addNameRange     '0.9.1',
219 silly addNameRange     '0.9.2',
219 silly addNameRange     '0.9.3',
219 silly addNameRange     '0.10.0',
219 silly addNameRange     '0.10.1',
219 silly addNameRange     '0.10.2',
219 silly addNameRange     '0.10.3',
219 silly addNameRange     '0.10.4',
219 silly addNameRange     '0.10.5',
219 silly addNameRange     '0.10.6',
219 silly addNameRange     '0.10.7',
219 silly addNameRange     '0.11.0',
219 silly addNameRange     '0.11.1',
219 silly addNameRange     '0.12.0',
219 silly addNameRange     '0.12.1',
219 silly addNameRange     '0.12.2',
219 silly addNameRange     '0.12.3',
219 silly addNameRange     '0.12.4',
219 silly addNameRange     '0.13.0',
219 silly addNameRange     '0.14.0',
219 silly addNameRange     '0.14.1',
219 silly addNameRange     '0.14.2',
219 silly addNameRange     '0.15.0',
219 silly addNameRange     '0.15.1',
219 silly addNameRange     '0.15.2',
219 silly addNameRange     '0.15.3',
219 silly addNameRange     '0.15.4',
219 silly addNameRange     '0.16.0',
219 silly addNameRange     '0.16.1',
219 silly addNameRange     '0.16.2',
219 silly addNameRange     '0.16.3',
219 silly addNameRange     '0.16.4',
219 silly addNameRange     '0.17.0',
219 silly addNameRange     '0.18.0',
219 silly addNameRange     '0.19.0',
219 silly addNameRange     '0.20.0',
219 silly addNameRange     '0.20.1',
219 silly addNameRange     '0.20.2',
219 silly addNameRange     '0.20.3',
219 silly addNameRange     '0.21.0',
219 silly addNameRange     '0.22.0',
219 silly addNameRange     '0.22.1',
219 silly addNameRange     '0.23.0',
219 silly addNameRange     '0.24.0',
219 silly addNameRange     '0.25.0',
219 silly addNameRange     '0.26.0',
219 silly addNameRange     '0.26.1',
219 silly addNameRange     '0.26.2',
219 silly addNameRange     '0.26.3',
219 silly addNameRange     '0.27.0',
219 silly addNameRange     '0.27.1',
219 silly addNameRange     '0.27.2',
219 silly addNameRange     '0.27.3',
219 silly addNameRange     '0.27.4',
219 silly addNameRange     '0.27.5',
219 silly addNameRange     '0.27.6',
219 silly addNameRange     '0.27.7',
219 silly addNameRange     '0.28.0',
219 silly addNameRange     '0.28.1',
219 silly addNameRange     '0.28.2',
219 silly addNameRange     '0.29.0',
219 silly addNameRange     '0.30.0',
219 silly addNameRange     '0.31.0',
219 silly addNameRange     '0.31.1',
219 silly addNameRange     '0.31.2',
219 silly addNameRange     '0.32.0',
219 silly addNameRange     '0.33.0',
219 silly addNameRange     '0.34.0',
219 silly addNameRange     '0.34.1',
219 silly addNameRange     '0.35.0',
219 silly addNameRange     '1.0.0',
219 silly addNameRange     '1.0.1',
219 silly addNameRange     '1.0.2',
219 silly addNameRange     '1.1.0',
219 silly addNameRange     '1.1.1',
219 silly addNameRange     '1.1.2',
219 silly addNameRange     '1.1.3',
219 silly addNameRange     '1.1.4',
219 silly addNameRange     '1.1.5',
219 silly addNameRange     '1.2.0',
219 silly addNameRange     '1.3.0',
219 silly addNameRange     '1.3.1',
219 silly addNameRange     '1.4.0',
219 silly addNameRange     '1.4.1',
219 silly addNameRange     '1.4.2',
219 silly addNameRange     '1.5.0',
219 silly addNameRange     '1.6.0',
219 silly addNameRange     '1.7.0' ] ]
220 verbose addNamed [ 'jade', '1.6.0' ]
221 verbose addNamed [ '1.6.0', '1.6.0' ]
222 silly lockFile c06071bd-jade-1-6-0 jade@1.6.0
223 verbose lock jade@1.6.0 /home/santi8ago8/.npm/c06071bd-jade-1-6-0.lock
224 http GET https://registry.npmjs.org/morgan/-/morgan-1.3.2.tgz
225 silly lockFile 7bdc82f5-ry-npmjs-org-jade-jade-1-6-0-tgz https://registry.npmjs.org/jade/-/jade-1.6.0.tgz
226 verbose lock https://registry.npmjs.org/jade/-/jade-1.6.0.tgz /home/santi8ago8/.npm/7bdc82f5-ry-npmjs-org-jade-jade-1-6-0-tgz.lock
227 verbose addRemoteTarball [ 'https://registry.npmjs.org/jade/-/jade-1.6.0.tgz',
227 verbose addRemoteTarball   'c02540cd97b1014db3c15743746bc3dcd54170f9' ]
228 info retry fetch attempt 1 at 10:10:23
229 verbose fetch to= /tmp/npm-4230-I1YQOTSX/registry.npmjs.org/jade/-/jade-1.6.0.tgz
230 http GET https://registry.npmjs.org/jade/-/jade-1.6.0.tgz
231 http 200 https://registry.npmjs.org/serve-favicon
232 silly registry.get cb [ 200,
232 silly registry.get   { date: 'Tue, 11 Nov 2014 13:10:23 GMT',
232 silly registry.get     server: 'CouchDB/1.5.0 (Erlang OTP/R16B03)',
232 silly registry.get     etag: '"DQNCEOV1TU804V1DNRWACLPFP"',
232 silly registry.get     'content-type': 'application/json',
232 silly registry.get     'cache-control': 'max-age=60',
232 silly registry.get     'content-length': '16887',
232 silly registry.get     'accept-ranges': 'bytes',
232 silly registry.get     via: '1.1 varnish',
232 silly registry.get     age: '0',
232 silly registry.get     'x-served-by': 'cache-jfk1027-JFK',
232 silly registry.get     'x-cache': 'HIT',
232 silly registry.get     'x-cache-hits': '1',
232 silly registry.get     'x-timer': 'S1415711423.398391,VS0,VE25',
232 silly registry.get     vary: 'Accept',
232 silly registry.get     'keep-alive': 'timeout=10, max=50',
232 silly registry.get     connection: 'Keep-Alive' } ]
233 silly addNameRange number 2 { name: 'serve-favicon',
233 silly addNameRange   range: '>=2.1.3-0 <2.2.0-0',
233 silly addNameRange   hasData: true }
234 silly addNameRange versions [ 'serve-favicon',
234 silly addNameRange   [ '2.0.0',
234 silly addNameRange     '2.0.1',
234 silly addNameRange     '2.1.0',
234 silly addNameRange     '2.1.1',
234 silly addNameRange     '2.1.2',
234 silly addNameRange     '2.1.3',
234 silly addNameRange     '2.1.4',
234 silly addNameRange     '2.1.5',
234 silly addNameRange     '2.1.6' ] ]
235 verbose addNamed [ 'serve-favicon', '2.1.6' ]
236 verbose addNamed [ '2.1.6', '2.1.6' ]
237 silly lockFile 4a3fd20c-serve-favicon-2-1-6 serve-favicon@2.1.6
238 verbose lock serve-favicon@2.1.6 /home/santi8ago8/.npm/4a3fd20c-serve-favicon-2-1-6.lock
239 silly lockFile 620925dd--favicon-serve-favicon-2-1-6-tgz https://registry.npmjs.org/serve-favicon/-/serve-favicon-2.1.6.tgz
240 verbose lock https://registry.npmjs.org/serve-favicon/-/serve-favicon-2.1.6.tgz /home/santi8ago8/.npm/620925dd--favicon-serve-favicon-2-1-6-tgz.lock
241 verbose addRemoteTarball [ 'https://registry.npmjs.org/serve-favicon/-/serve-favicon-2.1.6.tgz',
241 verbose addRemoteTarball   '46326a9eb64a0fa5cf012a4f85efe9fda95820e5' ]
242 info retry fetch attempt 1 at 10:10:23
243 verbose fetch to= /tmp/npm-4230-I1YQOTSX/registry.npmjs.org/serve-favicon/-/serve-favicon-2.1.6.tgz
244 http GET https://registry.npmjs.org/serve-favicon/-/serve-favicon-2.1.6.tgz
245 http 200 https://registry.npmjs.org/cookie-parser/-/cookie-parser-1.3.3.tgz
246 http 200 https://registry.npmjs.org/express/-/express-4.9.8.tgz
247 http 200 https://registry.npmjs.org/debug/-/debug-2.0.0.tgz
248 http 200 https://registry.npmjs.org/body-parser/-/body-parser-1.8.4.tgz
249 silly lockFile 864e7377-e-parser-cookie-parser-1-3-3-tgz https://registry.npmjs.org/cookie-parser/-/cookie-parser-1.3.3.tgz
250 silly lockFile 864e7377-e-parser-cookie-parser-1-3-3-tgz https://registry.npmjs.org/cookie-parser/-/cookie-parser-1.3.3.tgz
251 silly lockFile 68450bd4-cookie-parser-1-3-3 cookie-parser@1.3.3
252 silly lockFile 68450bd4-cookie-parser-1-3-3 cookie-parser@1.3.3
253 silly lockFile 58a51cf2-ody-parser-body-parser-1-8-4-tgz https://registry.npmjs.org/body-parser/-/body-parser-1.8.4.tgz
254 silly lockFile 58a51cf2-ody-parser-body-parser-1-8-4-tgz https://registry.npmjs.org/body-parser/-/body-parser-1.8.4.tgz
255 silly lockFile bf5babd8-cookie-parser-1-3-3 cookie-parser@~1.3.3
256 silly lockFile bf5babd8-cookie-parser-1-3-3 cookie-parser@~1.3.3
257 silly lockFile 5cba912c-body-parser-1-8-4 body-parser@1.8.4
258 silly lockFile 5cba912c-body-parser-1-8-4 body-parser@1.8.4
259 silly lockFile a49948c1-body-parser-1-8-1 body-parser@~1.8.1
260 silly lockFile a49948c1-body-parser-1-8-1 body-parser@~1.8.1
261 silly lockFile e2182b07--npmjs-org-debug-debug-2-0-0-tgz https://registry.npmjs.org/debug/-/debug-2.0.0.tgz
262 silly lockFile e2182b07--npmjs-org-debug-debug-2-0-0-tgz https://registry.npmjs.org/debug/-/debug-2.0.0.tgz
263 silly lockFile 095bd820-debug-2-0-0 debug@2.0.0
264 silly lockFile 095bd820-debug-2-0-0 debug@2.0.0
265 silly lockFile 12b6356d-debug-2-0-0 debug@~2.0.0
266 silly lockFile 12b6356d-debug-2-0-0 debug@~2.0.0
267 http 200 https://registry.npmjs.org/morgan/-/morgan-1.3.2.tgz
268 silly lockFile cac8e271-pmjs-org-morgan-morgan-1-3-2-tgz https://registry.npmjs.org/morgan/-/morgan-1.3.2.tgz
269 silly lockFile cac8e271-pmjs-org-morgan-morgan-1-3-2-tgz https://registry.npmjs.org/morgan/-/morgan-1.3.2.tgz
270 silly lockFile 7e2b41c6-morgan-1-3-2 morgan@1.3.2
271 silly lockFile 7e2b41c6-morgan-1-3-2 morgan@1.3.2
272 silly lockFile a4a9bdf4-morgan-1-3-0 morgan@~1.3.0
273 silly lockFile a4a9bdf4-morgan-1-3-0 morgan@~1.3.0
274 http 200 https://registry.npmjs.org/serve-favicon/-/serve-favicon-2.1.6.tgz
275 http 200 https://registry.npmjs.org/jade/-/jade-1.6.0.tgz
276 silly lockFile 620925dd--favicon-serve-favicon-2-1-6-tgz https://registry.npmjs.org/serve-favicon/-/serve-favicon-2.1.6.tgz
277 silly lockFile 620925dd--favicon-serve-favicon-2-1-6-tgz https://registry.npmjs.org/serve-favicon/-/serve-favicon-2.1.6.tgz
278 silly lockFile 4a3fd20c-serve-favicon-2-1-6 serve-favicon@2.1.6
279 silly lockFile 4a3fd20c-serve-favicon-2-1-6 serve-favicon@2.1.6
280 silly lockFile 38295489-serve-favicon-2-1-3 serve-favicon@~2.1.3
281 silly lockFile 38295489-serve-favicon-2-1-3 serve-favicon@~2.1.3
282 silly lockFile 2d7fb097-js-org-express-express-4-9-8-tgz https://registry.npmjs.org/express/-/express-4.9.8.tgz
283 silly lockFile 2d7fb097-js-org-express-express-4-9-8-tgz https://registry.npmjs.org/express/-/express-4.9.8.tgz
284 silly lockFile 3e3a25f6-express-4-9-8 express@4.9.8
285 silly lockFile 3e3a25f6-express-4-9-8 express@4.9.8
286 silly lockFile 6ae7fa08-express-4-9-0 express@~4.9.0
287 silly lockFile 6ae7fa08-express-4-9-0 express@~4.9.0
288 silly lockFile 7bdc82f5-ry-npmjs-org-jade-jade-1-6-0-tgz https://registry.npmjs.org/jade/-/jade-1.6.0.tgz
289 silly lockFile 7bdc82f5-ry-npmjs-org-jade-jade-1-6-0-tgz https://registry.npmjs.org/jade/-/jade-1.6.0.tgz
290 silly lockFile c06071bd-jade-1-6-0 jade@1.6.0
291 silly lockFile c06071bd-jade-1-6-0 jade@1.6.0
292 silly lockFile ad8c17a8-jade-1-6-0 jade@~1.6.0
293 silly lockFile ad8c17a8-jade-1-6-0 jade@~1.6.0
294 error Error: EACCES, mkdir '/home/santi8ago8/.npm/cookie-parser/1.3.3'
294 error  { [Error: EACCES, mkdir '/home/santi8ago8/.npm/cookie-parser/1.3.3']
294 error   errno: 3,
294 error   code: 'EACCES',
294 error   path: '/home/santi8ago8/.npm/cookie-parser/1.3.3',
294 error   parent: 'mitodobk' }
295 error Please try running this command again as root/Administrator.
296 error System Linux 3.13.0-39-generic
297 error command "/usr/local/bin/node" "/usr/local/bin/npm" "install"
298 error cwd /home/santi8ago8/GitHub/mitodobk
299 error node -v v0.10.33
300 error npm -v 1.4.28
301 error path /home/santi8ago8/.npm/cookie-parser/1.3.3
302 error code EACCES
303 error errno 3
304 error stack Error: EACCES, mkdir '/home/santi8ago8/.npm/cookie-parser/1.3.3'
305 verbose exit [ 3, true ]
